03/12 18:11:39 INFO  com.intellij.internal.statistic.uploader.ExternalDataCollectorLogger - Process started with '--ide-token E:\codes\ExtractDataTool\build\idea-sandbox\system\token --recorder FUS --files E:\codes\ExtractDataTool\build\idea-sandbox\system\event-log-data\logs\FUS\0d26-449e-b07d-e2c5d43eb295-211.7442.40-release.log;E:\codes\ExtractDataTool\build\idea-sandbox\system\event-log-data\logs\FUS\1692-45e0-b22c-6bc18629c939-211.7442.40-release.log;E:\codes\ExtractDataTool\build\idea-sandbox\system\event-log-data\logs\FUS\1f93-4b0d-8a04-4fb1935e6c65-211.7442.40-release.log;E:\codes\ExtractDataTool\build\idea-sandbox\system\event-log-data\logs\FUS\5e5a-4a7e-bc85-dba1843f3ccc-211.7442.40-release.log;E:\codes\ExtractDataTool\build\idea-sandbox\system\event-log-data\logs\FUS\7326-4f1e-92fa-4b97aab1b00a-211.7442.40-release.log --device 050919106ba429b-8c05-4497-b279-662e15359d1f --bucket 92 --url https://resources.jetbrains.com/storage/fus/config/v4/%s/%s.json --product IC --product-version 2021.1.2 --user-agent IntelliJ IDEA/211.7442.40'
03/12 18:11:39 INFO  com.intellij.internal.statistic.uploader.ExternalDataCollectorLogger - Classpath:D:\detools\gradles\gradle-6.6.1\bin\caches\modules-2\files-2.1\com.jetbrains.intellij.idea\ideaIC\2021.1.2\47f24d1ca2495e8de3daf528703b86325ee500b1\ideaIC-2021.1.2\lib\commons-logging-1.2.jar;D:\detools\gradles\gradle-6.6.1\bin\caches\modules-2\files-2.1\com.jetbrains.intellij.idea\ideaIC\2021.1.2\47f24d1ca2495e8de3daf528703b86325ee500b1\ideaIC-2021.1.2\lib\http-client.jar;D:\detools\gradles\gradle-6.6.1\bin\caches\modules-2\files-2.1\com.jetbrains.intellij.idea\ideaIC\2021.1.2\47f24d1ca2495e8de3daf528703b86325ee500b1\ideaIC-2021.1.2\lib\kotlin-stdlib-jdk8.jar;D:\detools\gradles\gradle-6.6.1\bin\caches\modules-2\files-2.1\com.jetbrains.intellij.idea\ideaIC\2021.1.2\47f24d1ca2495e8de3daf528703b86325ee500b1\ideaIC-2021.1.2\lib\annotations.jar;D:\detools\gradles\gradle-6.6.1\bin\caches\modules-2\files-2.1\com.jetbrains.intellij.idea\ideaIC\2021.1.2\47f24d1ca2495e8de3daf528703b86325ee500b1\ideaIC-2021.1.2\lib\log4j.jar;D:\detools\gradles\gradle-6.6.1\bin\caches\modules-2\files-2.1\com.jetbrains.intellij.idea\ideaIC\2021.1.2\47f24d1ca2495e8de3daf528703b86325ee500b1\ideaIC-2021.1.2\lib\gson-2.8.6.jar;D:\detools\gradles\gradle-6.6.1\bin\caches\modules-2\files-2.1\com.jetbrains.intellij.idea\ideaIC\2021.1.2\47f24d1ca2495e8de3daf528703b86325ee500b1\ideaIC-2021.1.2\lib\ap-validation-0.0.5.jar;D:\detools\gradles\gradle-6.6.1\bin\caches\modules-2\files-2.1\com.jetbrains.intellij.idea\ideaIC\2021.1.2\47f24d1ca2495e8de3daf528703b86325ee500b1\ideaIC-2021.1.2\lib\stats.jar
03/12 18:11:39 INFO  com.intellij.internal.statistic.uploader.events.ExternalEventsLogger - 1638526299297 STARTED
03/12 18:11:39 INFO  com.intellij.internal.statistic.uploader.ExternalDataCollectorLogger - IDE token file: E:\codes\ExtractDataTool\build\idea-sandbox\system\token
03/12 18:11:39 INFO  com.intellij.internal.statistic.uploader.ExternalDataCollectorLogger - Waiting for 2000ms for IDE to close. Attempt #0
03/12 18:11:41 INFO  com.intellij.internal.statistic.uploader.ExternalDataCollectorLogger - Start uploading...
03/12 18:11:41 INFO  com.intellij.internal.statistic.uploader.ExternalDataCollectorLogger - {url:https://resources.jetbrains.com/storage/fus/config/v4/%s/%s.json, product:IC, userAgent:IntelliJ IDEA/211.7442.40(External), internal:false, isTest:false}
03/12 18:11:41 INFO  com.intellij.internal.statistic.uploader.ExternalDataCollectorLogger - {recorder:FUS, files:E:\codes\ExtractDataTool\build\idea-sandbox\system\event-log-data\logs\FUS\0d26-449e-b07d-e2c5d43eb295-211.7442.40-release.log;E:\codes\ExtractDataTool\build\idea-sandbox\system\event-log-data\logs\FUS\1692-45e0-b22c-6bc18629c939-211.7442.40-release.log;E:\codes\ExtractDataTool\build\idea-sandbox\system\event-log-data\logs\FUS\1f93-4b0d-8a04-4fb1935e6c65-211.7442.40-release.log;E:\codes\ExtractDataTool\build\idea-sandbox\system\event-log-data\logs\FUS\5e5a-4a7e-bc85-dba1843f3ccc-211.7442.40-release.log;E:\codes\ExtractDataTool\build\idea-sandbox\system\event-log-data\logs\FUS\7326-4f1e-92fa-4b97aab1b00a-211.7442.40-release.log}
03/12 18:11:41 INFO  com.intellij.internal.statistic.uploader.ExternalDataCollectorLogger - {device:050919106ba429b-8c05-4497-b279-662e15359d1f, bucket:92}
03/12 18:11:53 WARN  com.intellij.internal.statistic.uploader.ExternalDataCollectorLogger - No such host is known (resources.jetbrains.com)
java.net.UnknownHostException: No such host is known (resources.jetbrains.com)
	at java.base/java.net.Inet6AddressImpl.lookupAllHostAddr(Native Method)
	at java.base/java.net.InetAddress$PlatformNameService.lookupAllHostAddr(InetAddress.java:929)
	at java.base/java.net.InetAddress.getAddressesFromNameService(InetAddress.java:1519)
	at java.base/java.net.InetAddress$NameServiceAddresses.get(InetAddress.java:848)
	at java.base/java.net.InetAddress.getAllByName0(InetAddress.java:1509)
	at java.base/java.net.InetAddress.getAllByName(InetAddress.java:1368)
	at java.base/java.net.InetAddress.getAllByName(InetAddress.java:1302)
	at org.apache.http.impl.conn.SystemDefaultDnsResolver.resolve(SystemDefaultDnsResolver.java:45)
	at org.apache.http.impl.conn.DefaultHttpClientConnectionOperator.connect(DefaultHttpClientConnectionOperator.java:112)
	at org.apache.http.impl.conn.PoolingHttpClientConnectionManager.connect(PoolingHttpClientConnectionManager.java:376)
	at org.apache.http.impl.execchain.MainClientExec.establishRoute(MainClientExec.java:393)
	at org.apache.http.impl.execchain.MainClientExec.execute(MainClientExec.java:236)
	at org.apache.http.impl.execchain.ProtocolExec.execute(ProtocolExec.java:186)
	at org.apache.http.impl.execchain.RetryExec.execute(RetryExec.java:89)
	at org.apache.http.impl.execchain.RedirectExec.execute(RedirectExec.java:110)
	at org.apache.http.impl.client.InternalHttpClient.doExecute(InternalHttpClient.java:185)
	at org.apache.http.impl.client.CloseableHttpClient.execute(CloseableHttpClient.java:83)
	at org.apache.http.impl.client.CloseableHttpClient.execute(CloseableHttpClient.java:108)
	at com.intellij.internal.statistic.eventLog.connection.request.StatsRequestBuilder.send(StatsRequestBuilder.java:79)
	at com.intellij.internal.statistic.eventLog.connection.SettingsConnectionService.loadSettings(SettingsConnectionService.java:66)
	at com.intellij.internal.statistic.eventLog.connection.SettingsConnectionService.lambda$new$0(SettingsConnectionService.java:35)
	at com.intellij.internal.statistic.eventLog.connection.StatisticsCachingSupplier.get(StatisticsCachingSupplier.java:24)
	at com.intellij.internal.statistic.eventLog.connection.SettingsConnectionService.getExternalSettings(SettingsConnectionService.java:60)
	at com.intellij.internal.statistic.eventLog.connection.EventLogUploadSettingsService.isSettingsReachable(EventLogUploadSettingsService.java:58)
	at com.intellij.internal.statistic.eventLog.connection.EventLogStatisticsService.send(EventLogStatisticsService.java:85)
	at com.intellij.internal.statistic.eventLog.connection.EventLogStatisticsService.send(EventLogStatisticsService.java:61)
	at com.intellij.internal.statistic.uploader.EventLogUploader.execute(EventLogUploader.java:98)
	at com.intellij.internal.statistic.uploader.EventLogUploader.main(EventLogUploader.java:29)
03/12 18:11:53 INFO  com.intellij.internal.statistic.uploader.events.ExternalEventsLogger - 1638526313795 ERROR loading.config.failed java.net.UnknownHostException
03/12 18:11:53 INFO  com.intellij.internal.statistic.uploader.events.ExternalEventsLogger - 1638526313803 FINISHED ERROR_IN_CONFIG
03/12 18:11:53 TRACE com.intellij.internal.statistic.uploader.ExternalDataCollectorLogger - Uploading finished with ERROR_IN_CONFIG
03/12 18:11:53 TRACE com.intellij.internal.statistic.uploader.ExternalDataCollectorLogger - ERROR: settings server is unreachable
